{"level":"info","message":"undefined - API Server Start At Port 3000","timestamp":"2023-03-23 13:41:26"}
{"level":"info","message":"undefined - API Server Start At Port 3000","timestamp":"2023-03-23 14:08:09"}
{"level":"info","message":"undefined - API Server Start At Port 3000","timestamp":"2023-03-23 14:08:15"}
{"level":"info","message":"undefined - API Server Start At Port 3000","timestamp":"2023-03-23 14:10:16"}
{"level":"info","message":"undefined - API Server Start At Port 3000","timestamp":"2023-03-23 14:37:49"}
{"level":"info","message":"undefined - API Server Start At Port 3000","timestamp":"2023-03-23 14:37:54"}
{"level":"info","message":"undefined - API Server Start At Port 3000","timestamp":"2023-03-23 14:38:38"}
{"level":"info","message":"undefined - API Server Start At Port 3000","timestamp":"2023-03-23 14:41:08"}
{"level":"info","message":"undefined - API Server Start At Port 3000","timestamp":"2023-03-23 14:48:42"}
{"level":"info","message":"undefined - API Server Start At Port 3000","timestamp":"2023-03-23 14:50:09"}
{"level":"info","message":"undefined - API Server Start At Port 3000","timestamp":"2023-03-23 14:55:00"}
{"level":"info","message":"undefined - API Server Start At Port 3000","timestamp":"2023-03-23 14:55:01"}
{"level":"info","message":"undefined - API Server Start At Port 3000","timestamp":"2023-03-23 14:55:03"}
{"level":"info","message":"undefined - API Server Start At Port 3000","timestamp":"2023-03-23 14:57:12"}
{"level":"info","message":"undefined - API Server Start At Port 3000","timestamp":"2023-03-23 14:57:56"}
{"level":"info","message":"undefined - API Server Start At Port 3000","timestamp":"2023-03-23 14:58:17"}
{"level":"info","message":"undefined - API Server Start At Port 3000","timestamp":"2023-03-23 14:59:25"}
{"level":"info","message":"undefined - API Server Start At Port 3000","timestamp":"2023-03-23 14:59:33"}
{"level":"error","message":"레스토링 조회 Query error\n: {\"message\":\"You have an error in your SQL syntax; check the manual that corresponds to your MySQL server version for the right syntax to use near 'where status = 'A'' at line 1\",\"code\":\"ER_PARSE_ERROR\",\"errno\":1064,\"sql\":\"SELECT *FROM restaurant where category='분식' AND where status = 'A'; \",\"sqlState\":\"42000\",\"sqlMessage\":\"You have an error in your SQL syntax; check the manual that corresponds to your MySQL server version for the right syntax to use near 'where status = 'A'' at line 1\"}","timestamp":"2023-03-23 14:59:52"}
{"level":"info","message":"undefined - API Server Start At Port 3000","timestamp":"2023-03-23 15:00:29"}
{"level":"info","message":"undefined - API Server Start At Port 3000","timestamp":"2023-03-23 15:01:03"}
{"level":"info","message":"undefined - API Server Start At Port 3000","timestamp":"2023-03-23 15:01:17"}
{"level":"info","message":"undefined - API Server Start At Port 3000","timestamp":"2023-03-23 15:03:09"}
{"level":"info","message":"undefined - API Server Start At Port 3000","timestamp":"2023-03-23 15:05:51"}
{"level":"info","message":"undefined - API Server Start At Port 3000","timestamp":"2023-03-23 15:05:58"}
{"level":"info","message":"undefined - API Server Start At Port 3000","timestamp":"2023-03-23 16:03:40"}
{"level":"info","message":"undefined - API Server Start At Port 3000","timestamp":"2023-03-23 16:04:24"}
{"level":"info","message":"undefined - API Server Start At Port 3000","timestamp":"2023-03-23 16:10:54"}
{"level":"info","message":"undefined - API Server Start At Port 3000","timestamp":"2023-03-23 16:13:04"}
{"level":"info","message":"undefined - API Server Start At Port 3000","timestamp":"2023-03-23 16:13:09"}
{"level":"info","message":"undefined - API Server Start At Port 3000","timestamp":"2023-03-23 16:17:29"}
{"level":"info","message":"undefined - API Server Start At Port 3000","timestamp":"2023-03-23 16:18:05"}
{"level":"error","message":"update restaurant Query error\n: {\"message\":\"Unknown column 'idres' in 'where clause'\",\"code\":\"ER_BAD_FIELD_ERROR\",\"errno\":1054,\"sql\":\"update student set nameres = ifnull('돈멜', nameres), address = ifnull('경기 성남시 분당구 느티로63번길 6 1층', address),  \\n  category = ifnull('한식', category), createat = ifnull(NULL, createat) where idres = NULL;\",\"sqlState\":\"42S22\",\"sqlMessage\":\"Unknown column 'idres' in 'where clause'\"}","timestamp":"2023-03-23 16:18:06"}
{"level":"info","message":"undefined - API Server Start At Port 3000","timestamp":"2023-03-23 16:19:06"}
{"level":"error","message":"update restaurant Query error\n: {\"message\":\"Unknown column 'idres' in 'where clause'\",\"code\":\"ER_BAD_FIELD_ERROR\",\"errno\":1054,\"sql\":\"update student set nameres = ifnull('돈멜', nameres), address = ifnull('경기 성남시 분당구 느티로63번길 6 1층', address),  \\n  category = ifnull('한식', category), createat = ifnull(NULL, createat) where idres = NULL;\",\"sqlState\":\"42S22\",\"sqlMessage\":\"Unknown column 'idres' in 'where clause'\"}","timestamp":"2023-03-23 16:19:13"}
{"level":"info","message":"undefined - API Server Start At Port 3000","timestamp":"2023-03-23 16:20:08"}
{"level":"info","message":"undefined - API Server Start At Port 3000","timestamp":"2023-03-23 16:22:42"}
{"level":"error","message":"update restaurant Query error\n: {}","timestamp":"2023-03-23 16:22:45"}
{"level":"info","message":"undefined - API Server Start At Port 3000","timestamp":"2023-03-23 16:24:04"}
{"level":"info","message":"undefined - API Server Start At Port 3000","timestamp":"2023-03-23 16:24:49"}
{"level":"info","message":"undefined - API Server Start At Port 3000","timestamp":"2023-03-23 16:27:28"}
{"level":"info","message":"undefined - API Server Start At Port 3000","timestamp":"2023-03-23 16:27:30"}
{"level":"info","message":"undefined - API Server Start At Port 3000","timestamp":"2023-03-23 16:27:32"}
{"level":"info","message":"undefined - API Server Start At Port 3000","timestamp":"2023-03-23 16:27:33"}
{"level":"info","message":"undefined - API Server Start At Port 3000","timestamp":"2023-03-23 16:29:26"}
{"level":"info","message":"undefined - API Server Start At Port 3000","timestamp":"2023-03-23 16:45:03"}
{"level":"info","message":"undefined - API Server Start At Port 3000","timestamp":"2023-03-23 16:45:38"}
{"level":"info","message":"undefined - API Server Start At Port 3000","timestamp":"2023-03-23 16:46:20"}
{"level":"info","message":"undefined - API Server Start At Port 3000","timestamp":"2023-03-23 16:46:58"}
{"level":"info","message":"undefined - API Server Start At Port 3000","timestamp":"2023-03-23 16:47:44"}
{"level":"info","message":"undefined - API Server Start At Port 3000","timestamp":"2023-03-23 16:49:28"}
{"level":"info","message":"undefined - API Server Start At Port 3000","timestamp":"2023-03-23 16:49:31"}
{"level":"info","message":"undefined - API Server Start At Port 3000","timestamp":"2023-03-23 16:50:49"}
{"level":"info","message":"undefined - API Server Start At Port 3000","timestamp":"2023-03-23 16:50:55"}
{"level":"info","message":"undefined - API Server Start At Port 3000","timestamp":"2023-03-23 16:50:56"}
{"level":"error","message":"update restaurant Query error\n: {}","timestamp":"2023-03-23 16:51:01"}
{"level":"error","message":"update restaurant Query error\n: {}","timestamp":"2023-03-23 16:51:30"}
{"level":"error","message":"update restaurant Query error\n: {}","timestamp":"2023-03-23 16:51:43"}
{"level":"info","message":"undefined - API Server Start At Port 3000","timestamp":"2023-03-23 16:52:20"}
{"level":"error","message":"update restaurant Query error\n: {}","timestamp":"2023-03-23 16:52:22"}
{"level":"info","message":"undefined - API Server Start At Port 3000","timestamp":"2023-03-23 16:55:51"}
{"level":"info","message":"undefined - API Server Start At Port 3000","timestamp":"2023-03-23 16:56:20"}
{"level":"error","message":"update restaurant Query error\n: {}","timestamp":"2023-03-23 16:56:23"}
{"level":"info","message":"undefined - API Server Start At Port 3000","timestamp":"2023-03-23 16:58:14"}
{"level":"error","message":"update restaurant Query error\n: {}","timestamp":"2023-03-23 16:58:47"}
{"level":"info","message":"undefined - API Server Start At Port 3000","timestamp":"2023-03-23 17:01:39"}
{"level":"error","message":"update restaurant Query error\n: {}","timestamp":"2023-03-23 17:01:45"}
{"level":"info","message":"undefined - API Server Start At Port 3000","timestamp":"2023-03-23 17:14:00"}
{"level":"error","message":"update restaurant Query error\n: {}","timestamp":"2023-03-23 17:14:06"}
{"level":"info","message":"undefined - API Server Start At Port 3000","timestamp":"2023-03-23 17:14:39"}
{"level":"error","message":"update restaurant Query error\n: {}","timestamp":"2023-03-23 17:14:41"}
{"level":"info","message":"undefined - API Server Start At Port 3000","timestamp":"2023-03-23 17:15:49"}
{"level":"error","message":"update restaurant Query error\n: {\"message\":\"You have an error in your SQL syntax; check the manual that corresponds to your MySQL server version for the right syntax to use near '?' at line 1\",\"code\":\"ER_PARSE_ERROR\",\"errno\":1064,\"sql\":\"update restaurant set nameres = ifnull('11', nameres) where idres = ?;\",\"sqlState\":\"42000\",\"sqlMessage\":\"You have an error in your SQL syntax; check the manual that corresponds to your MySQL server version for the right syntax to use near '?' at line 1\"}","timestamp":"2023-03-23 17:16:09"}
{"level":"info","message":"undefined - API Server Start At Port 3000","timestamp":"2023-03-23 17:17:21"}
{"level":"error","message":"update restaurant Query error\n: {}","timestamp":"2023-03-23 17:17:24"}
{"level":"error","message":"update restaurant Query error\n: {}","timestamp":"2023-03-23 17:18:32"}
{"level":"info","message":"undefined - API Server Start At Port 3000","timestamp":"2023-03-23 17:19:54"}
{"level":"error","message":"update restaurant Query error\n: {}","timestamp":"2023-03-23 17:20:07"}
{"level":"info","message":"undefined - API Server Start At Port 3000","timestamp":"2023-03-23 17:21:29"}
{"level":"error","message":"update restaurant Query error\n: {}","timestamp":"2023-03-23 17:21:35"}
{"level":"info","message":"undefined - API Server Start At Port 3000","timestamp":"2023-03-23 17:22:42"}
{"level":"info","message":"undefined - API Server Start At Port 3000","timestamp":"2023-03-23 17:23:45"}
{"level":"info","message":"undefined - API Server Start At Port 3000","timestamp":"2023-03-23 17:25:19"}
{"level":"error","message":"update restaurant Query error\n: {\"message\":\"Incorrect datetime value: '2023-04-30T15:00:00.000Z' for column 'createat' at row 1\",\"code\":\"ER_TRUNCATED_WRONG_VALUE\",\"errno\":1292,\"sql\":\"update restaurant set nameres = ifnull('돈멜', nameres), address = ifnull('경기 성남시 분당구 느티로63번길 6 1층', address), category = ifnull('한식', category), createat = ifnull('2023-04-30T15:00:00.000Z', createat), urlres = ifnull('https://donmel.modoo.at/', urlres)  where idres = '11';\",\"sqlState\":\"22007\",\"sqlMessage\":\"Incorrect datetime value: '2023-04-30T15:00:00.000Z' for column 'createat' at row 1\"}","timestamp":"2023-03-23 17:25:51"}
{"level":"error","message":"update restaurant Query error\n: {\"message\":\"Incorrect datetime value: '2023-04-30T15:00:00.000Z' for column 'createat' at row 1\",\"code\":\"ER_TRUNCATED_WRONG_VALUE\",\"errno\":1292,\"sql\":\"update restaurant set nameres = ifnull('돈멜', nameres), address = ifnull('경기 성남시 분당구 느티로63번길 6 1층', address), category = ifnull('한식', category), createat = ifnull('2023-04-30T15:00:00.000Z', createat), urlres = ifnull('https://donmel.modoo.at/', urlres)  where idres = '11';\",\"sqlState\":\"22007\",\"sqlMessage\":\"Incorrect datetime value: '2023-04-30T15:00:00.000Z' for column 'createat' at row 1\"}","timestamp":"2023-03-23 17:26:10"}
{"level":"info","message":"undefined - API Server Start At Port 3000","timestamp":"2023-03-23 17:27:04"}
{"level":"info","message":"undefined - API Server Start At Port 3000","timestamp":"2023-03-23 17:48:20"}
{"level":"info","message":"undefined - API Server Start At Port 3000","timestamp":"2023-03-23 17:51:18"}
{"level":"info","message":"undefined - API Server Start At Port 3000","timestamp":"2023-03-23 17:52:15"}
